Removed Pin From Net: NetName=UP Pin=J5-1
Removed Pin From Net: NetName=OK Pin=J5-2
Removed Pin From Net: NetName=LV+in Pin=X101-1
Removed Pin From Net: NetName=GND Pin=X101-2
Removed Pin From Net: NetName=Ventilador Pin=X101-3
Removed Pin From Net: NetName=GND Pin=X101-5
Removed Pin From Net: NetName=LV+in Pin=X102-1
Removed Pin From Net: NetName=GND Pin=X102-2
Removed Pin From Net: NetName=Bomba Pin=X102-3
Removed Pin From Net: NetName=GND Pin=X102-5
Removed Pin From Net: NetName=LV+in Pin=X103-1
Removed Pin From Net: NetName=GND Pin=X103-2
Removed Pin From Net: NetName=Persiana+ Pin=X103-3
Removed Pin From Net: NetName=GND Pin=X103-5
Removed Pin From Net: NetName=LV+in Pin=X104-1
Removed Pin From Net: NetName=GND Pin=X104-2
Removed Pin From Net: NetName=Persiana- Pin=X104-3
Removed Pin From Net: NetName=GND Pin=X104-5
Removed Member From Class: ClassName=AD_PCB_EXTERNA Member=X101
Removed Member From Class: ClassName=AD_PCB_EXTERNA Member=X102
Removed Member From Class: ClassName=AD_PCB_EXTERNA Member=X103
Removed Member From Class: ClassName=AD_PCB_EXTERNA Member=X104
Added Component: Designator=K101(FP-1415899-7-MFG)
Add component (AddParameter): Name = "Case/Package"; Value = ""; VariantName = "[No Variations]"
Add component (AddParameter): Name = "Max Operating Temperature"; Value = "85°C"; VariantName = "[No Variations]"
Add component (AddParameter): Name = "Min Operating Temperature"; Value = "-40°C"; VariantName = "[No Variations]"
Add component (AddParameter): Name = "Mounting Technology"; Value = "Through Hole"; VariantName = "[No Variations]"
Add component (AddParameter): Name = "Pins"; Value = ""; VariantName = "[No Variations]"
Add component (AddParameter): Name = "RoHS Compliant"; Value = "Yes"; VariantName = "[No Variations]"
Added Component: Designator=K102(FP-1415899-7-MFG)
Add component (AddParameter): Name = "Case/Package"; Value = ""; VariantName = "[No Variations]"
Add component (AddParameter): Name = "Max Operating Temperature"; Value = "85°C"; VariantName = "[No Variations]"
Add component (AddParameter): Name = "Min Operating Temperature"; Value = "-40°C"; VariantName = "[No Variations]"
Add component (AddParameter): Name = "Mounting Technology"; Value = "Through Hole"; VariantName = "[No Variations]"
Add component (AddParameter): Name = "Pins"; Value = ""; VariantName = "[No Variations]"
Add component (AddParameter): Name = "RoHS Compliant"; Value = "Yes"; VariantName = "[No Variations]"
Added Component: Designator=K103(FP-1415899-7-MFG)
Add component (AddParameter): Name = "Case/Package"; Value = ""; VariantName = "[No Variations]"
Add component (AddParameter): Name = "Max Operating Temperature"; Value = "85°C"; VariantName = "[No Variations]"
Add component (AddParameter): Name = "Min Operating Temperature"; Value = "-40°C"; VariantName = "[No Variations]"
Add component (AddParameter): Name = "Mounting Technology"; Value = "Through Hole"; VariantName = "[No Variations]"
Add component (AddParameter): Name = "Pins"; Value = ""; VariantName = "[No Variations]"
Add component (AddParameter): Name = "RoHS Compliant"; Value = "Yes"; VariantName = "[No Variations]"
Added Component: Designator=K104(FP-1415899-7-MFG)
Add component (AddParameter): Name = "Case/Package"; Value = ""; VariantName = "[No Variations]"
Add component (AddParameter): Name = "Max Operating Temperature"; Value = "85°C"; VariantName = "[No Variations]"
Add component (AddParameter): Name = "Min Operating Temperature"; Value = "-40°C"; VariantName = "[No Variations]"
Add component (AddParameter): Name = "Mounting Technology"; Value = "Through Hole"; VariantName = "[No Variations]"
Add component (AddParameter): Name = "Pins"; Value = ""; VariantName = "[No Variations]"
Add component (AddParameter): Name = "RoHS Compliant"; Value = "Yes"; VariantName = "[No Variations]"
Added Pin To Net: NetName=Bomba Pin=J5-1
Added Pin To Net: NetName=UP Pin=J5-1
Added Pin To Net: NetName=GND Pin=J5-2
Added Pin To Net: NetName=OK Pin=J5-2
Add Pin To Net: Unknown Pin: Pin J5-3
Add Pin To Net: Unknown Pin: Pin J5-4
Add Pin To Net: Unknown Pin: Pin J5-5
Add Pin To Net: Unknown Pin: Pin J5-6
Add Pin To Net: Unknown Pin: Pin J5-7
Add Pin To Net: Unknown Pin: Pin J5-13
Add Pin To Net: Unknown Pin: Pin J5-14
Add Pin To Net: Unknown Pin: Pin J5-15
Add Pin To Net: Unknown Pin: Pin J5-16
Add Pin To Net: Unknown Pin: Pin J5-17
Add Pin To Net: Unknown Pin: Pin J5-18
Add Pin To Net: Unknown Pin: Pin J5-19
Add Pin To Net: Unknown Pin: Pin J5-20
Add Pin To Net: Unknown Pin: Pin J5-21
Add Pin To Net: Unknown Pin: Pin J5-22
Add Pin To Net: Unknown Pin: Pin J5-23
Add Pin To Net: Unknown Pin: Pin J5-24
Add Pin To Net: Unknown Pin: Pin J5-25
Add Pin To Net: Unknown Pin: Pin J5-26
Add Pin To Net: Unknown Pin: Pin J5-27
Add Pin To Net: Unknown Pin: Pin J5-29
Add Pin To Net: Unknown Pin: Pin J5-30
Add Pin To Net: Unknown Pin: Pin J5-31
Add Pin To Net: Unknown Pin: Pin J5-32
Add Pin To Net: Unknown Pin: Pin J5-33
Add Pin To Net: Unknown Pin: Pin J5-34
Add Pin To Net: Unknown Pin: Pin J5-37
Add Pin To Net: Unknown Pin: Pin J5-38
Add Pin To Net: Unknown Pin: Pin J5-39
Add Pin To Net: Unknown Pin: Pin J5-40
Added Pin To Net: NetName=LV+in Pin=K101-12
Added Pin To Net: NetName=GND Pin=K101-14
Added Pin To Net: NetName=GND Pin=K101-A2
Added Pin To Net: NetName=Bomba Pin=K102-11
Added Pin To Net: NetName=LV+in Pin=K102-12
Added Pin To Net: NetName=GND Pin=K102-14
Added Pin To Net: NetName=GND Pin=K102-A2
Added Pin To Net: NetName=Persiana+ Pin=K103-11
Added Pin To Net: NetName=LV+in Pin=K103-12
Added Pin To Net: NetName=GND Pin=K103-14
Added Pin To Net: NetName=GND Pin=K103-A2
Added Pin To Net: NetName=Persiana- Pin=K104-11
Added Pin To Net: NetName=LV+in Pin=K104-12
Added Pin To Net: NetName=GND Pin=K104-14
Added Pin To Net: NetName=GND Pin=K104-A2
Added Pin To Net: NetName=NetK101_A1 Pin=K101-A1
Added Pin To Net: NetName=NetK101_A1 Pin=Q101-E
Added Net: Name=NetK101_A1
Added Pin To Net: NetName=NetK102_A1 Pin=K102-A1
Added Pin To Net: NetName=NetK102_A1 Pin=Q102-E
Added Net: Name=NetK102_A1
Added Pin To Net: NetName=NetK103_A1 Pin=K103-A1
Added Pin To Net: NetName=NetK103_A1 Pin=Q103-E
Added Net: Name=NetK103_A1
Added Pin To Net: NetName=NetK104_A1 Pin=K104-A1
Added Pin To Net: NetName=NetK104_A1 Pin=Q104-E
Added Net: Name=NetK104_A1
Added Member To Class: ClassName=AD_PCB_EXTERNA Member=Component J5 2x20_connector
Added Member To Class: ClassName=AD_PCB_EXTERNA Member=Component K101 Relay_RZ01-1C4-D005
Added Member To Class: ClassName=AD_PCB_EXTERNA Member=Component K102 Relay_RZ01-1C4-D005
Added Member To Class: ClassName=AD_PCB_EXTERNA Member=Component K103 Relay_RZ01-1C4-D005
Added Member To Class: ClassName=AD_PCB_EXTERNA Member=Component K104 Relay_RZ01-1C4-D005
