Removed Pin From Net: NetName=UP Pin=J6-1
Removed Pin From Net: NetName=OK Pin=J6-2
Removed Pin From Net: NetName=DOWN Pin=J6-3
Removed Pin From Net: NetName=LEFT Pin=J6-4
Removed Pin From Net: NetName=RIGHT Pin=J6-5
Removed Pin From Net: NetName=FC_Sup Pin=J6-6
Removed Pin From Net: NetName=CS Pin=J6-13
Removed Pin From Net: NetName=MISO Pin=J6-14
Removed Pin From Net: NetName=CLK Pin=J6-15
Removed Pin From Net: NetName=MOSI Pin=J6-16
Removed Pin From Net: NetName=LED_REG Pin=J6-17
Removed Pin From Net: NetName=LED_FALTA_AIGUA Pin=J6-18
Removed Pin From Net: NetName=RELE1 Pin=J6-19
Removed Pin From Net: NetName=RELE2 Pin=J6-20
Removed Pin From Net: NetName=RELE3 Pin=J6-21
Removed Pin From Net: NetName=RELE4 Pin=J6-22
Removed Pin From Net: NetName=ECHO Pin=J6-24
Removed Pin From Net: NetName=LCD_2 Pin=J6-25
Removed Pin From Net: NetName=LCD_1 Pin=J6-26
Removed Pin From Net: NetName=LCD_0 Pin=J6-27
Removed Pin From Net: NetName=LCD_4 Pin=J6-29
Removed Pin From Net: NetName=LCD_5 Pin=J6-30
Removed Pin From Net: NetName=LCD_6 Pin=J6-31
Removed Pin From Net: NetName=LCD_7 Pin=J6-32
Removed Pin From Net: NetName=SCL Pin=J6-33
Removed Pin From Net: NetName=SDA Pin=J6-34
Removed Pin From Net: NetName=+5 Pin=J6-37
Removed Pin From Net: NetName=GND Pin=J6-38
Removed Pin From Net: NetName=+5 Pin=J6-39
Removed Pin From Net: NetName=GND Pin=J6-40
Added Pin To Net: NetName=+5 Pin=J6-1
Added Pin To Net: NetName=+5 Pin=J6-2
Added Pin To Net: NetName=SCL Pin=J6-4
Added Pin To Net: NetName=LCD_6 Pin=J6-5
Added Pin To Net: NetName=LCD_4 Pin=J6-6
Added Pin To Net: NetName=LCD_0 Pin=J6-8
Added Pin To Net: NetName=TRIG Pin=J6-9
Added Pin To Net: NetName=RELE3 Pin=J6-10
Added Pin To Net: NetName=RELE1 Pin=J6-11
Added Pin To Net: NetName=LED_REG Pin=J6-12
Added Pin To Net: NetName=CLK Pin=J6-13
Added Pin To Net: NetName=CS Pin=J6-14
Added Pin To Net: NetName=FC_Inf Pin=J6-17
Added Pin To Net: NetName=RIGHT Pin=J6-18
Added Pin To Net: NetName=DOWN Pin=J6-19
Added Pin To Net: NetName=UP Pin=J6-20
Added Pin To Net: NetName=GND Pin=J6-21
Added Pin To Net: NetName=GND Pin=J6-22
Added Pin To Net: NetName=SDA Pin=J6-24
Added Pin To Net: NetName=LCD_7 Pin=J6-25
Added Pin To Net: NetName=LCD_5 Pin=J6-26
Added Pin To Net: NetName=LCD_1 Pin=J6-28
Added Pin To Net: NetName=ECHO Pin=J6-29
Added Pin To Net: NetName=RELE4 Pin=J6-30
Added Pin To Net: NetName=RELE2 Pin=J6-31
Added Pin To Net: NetName=LED_FALTA_AIGUA Pin=J6-32
Added Pin To Net: NetName=MOSI Pin=J6-33
Added Pin To Net: NetName=MISO Pin=J6-34
Added Pin To Net: NetName=FC_Sup Pin=J6-38
Added Pin To Net: NetName=LEFT Pin=J6-39
Added Pin To Net: NetName=OK Pin=J6-40
