C51 COMPILER V9.59.0.0   BOTONS_RELES                                                      06/15/2025 11:48:38 PAGE 1   


C51 COMPILER V9.59.0.0, COMPILATION OF MODULE BOTONS_RELES
OBJECT MODULE PLACED IN .\Objects\BOTONS_RELES.obj
COMPILER INVOKED BY: C:\Keil_v5\C51\BIN\C51.EXE BOTONS_RELES.c OPTIMIZE(8,SPEED) BROWSE DEBUG OBJECTEXTEND PRINT(.\Listi
                    -ngs\BOTONS_RELES.lst) TABS(2) OBJECT(.\Objects\BOTONS_RELES.obj)

line level    source

   1          #include "BOTONS_RELES.h"     //Cridem la llibreria BOTONS_RELES.h
   2          
   3          void delay(unsigned int ms){  //Definim la funció delay a la que li entrem quants ms de delay volem
   4   1          unsigned int i,j;         //Declarem les variables per comptar i, j
   5   1        for (i=0;i<ms;i++)          //Bucle per cada ms
   6   1          for (j=0;j<240;j++);      //Bucle per comptar 1 ms
   7   1      }
   8          
   9          void control_porta(unsigned char control){    //Definim la funció control_porta
  10   1        if(control == 1){                           //Si l'entrada és 1 llavors volem obrir la porta
  11   2          RELE1 = 1;                                //El relé 1 es tanca per tenir 12V a la borna positiva del motor
  12   2          RELE2 = 0;                                //El relé 2 s'obre per tenir 0V a la borna negativa del motor
  13   2          delay(500);                               //Esperem 500 ms perque el motor giri
  14   2          RELE1 = 0;                                //El relé 1 s'obre per tenir 0V a la borna positiva del motor
  15   2          RELE2 = 0;                                //El relé 2 s'obre per tenir 0V a la borna negativa del motor
  16   2        }else if (control == 2){                    //Si l'entrada és 2 llavors volem tancar la porta
  17   2          RELE1 = 0;                                //El relé 1 s'obre per tenir 0V a la borna positiva del motor
  18   2          RELE2 = 1;                                //El relé 2 es tanca per tenir 12V a la borna negativa del motor
  19   2          delay(500);                               //Esperem 500 ms perque el motor giri
  20   2          RELE1 = 0;                                //El relé 1 s'obre per tenir 0V a la borna positiva del motor
  21   2          RELE2 = 0;                                //El relé 2 s'obre per tenir 0V a la borna negativa del motor
  22   2        }else{                                      //Si l'entrada és 0 llavors volem deixar la porta estàtica
  23   2          RELE1 = 0;                                //El relé 1 s'obre per tenir 0V a la borna positiva del motor
  24   2          RELE2 = 0;                                //El relé 2 s'obre per tenir 0V a la borna negativa del motor
  25   2        }
  26   1      }


MODULE INFORMATION:   STATIC OVERLAYABLE
   CODE SIZE        =     75    ----
   CONSTANT SIZE    =   ----    ----
   XDATA SIZE       =   ----    ----
   PDATA SIZE       =   ----    ----
   DATA SIZE        =   ----    ----
   IDATA SIZE       =   ----    ----
   BIT SIZE         =   ----    ----
END OF MODULE INFORMATION.


C51 COMPILATION COMPLETE.  0 WARNING(S),  0 ERROR(S)
