C51 COMPILER V9.59.0.0   MAIN                                                              06/14/2025 13:11:06 PAGE 1   


C51 COMPILER V9.59.0.0, COMPILATION OF MODULE MAIN
OBJECT MODULE PLACED IN .\Objects\main.obj
COMPILER INVOKED BY: C:\Keil_v5\C51\BIN\C51.EXE main.c OPTIMIZE(8,SPEED) BROWSE DEBUG OBJECTEXTEND PRINT(.\Listings\main
                    -.lst) TABS(2) OBJECT(.\Objects\main.obj)

line level    source

   1          /*****************************************************************************/
   2          /* Fichero     - main.c                                                      */
   3          /* Descripcion - programaci?n del LCD: programa de ejemplo                   */
   4          /* Autor       - STS                                                         */
   5          /* Fecha       - 25/05/2025                                                  */
   6          /*****************************************************************************/
   7          
   8          
   9          #include <AT89C5131.h> 
  10          #include "lcd.h"
  11          #include "STATE_MACHINE.h"
  12          #include "BOTONS_RELES.h"
  13          #include "MCP3302.h"
  14          #define FOSC 12000000UL   // Defineix la freqüència del teu sistema (12 MHz típic)
  15          
  16          void main(void)
  17          {
  18   1        unsigned int adc_raw; 
  19   1        LCD_inicializar();
  20   1        LCD_borrar();
  21   1        P0 = 0xFF;
  22   1        P2 = 0x00;
  23   1        P1 = 0x00;
  24   1        MCP3302_InitPins(); 
  25   1      
  26   1        while(1){
  27   2        adc_raw = MCP3302_ReadChannel12(1);
  28   2        state_machine(adc_raw);
  29   2        }
  30   1      }
  31          


MODULE INFORMATION:   STATIC OVERLAYABLE
   CODE SIZE        =     31    ----
   CONSTANT SIZE    =   ----    ----
   XDATA SIZE       =   ----    ----
   PDATA SIZE       =   ----    ----
   DATA SIZE        =   ----       2
   IDATA SIZE       =   ----    ----
   BIT SIZE         =   ----    ----
END OF MODULE INFORMATION.


C51 COMPILATION COMPLETE.  0 WARNING(S),  0 ERROR(S)
